Build started 4.6.2015 г. 19:51:16 ч..
     1>Project "D:\Славяна\Documents\OOP\ruJA --OOP\OOP_project_1_SI_1_2_61835\List\List.vcxproj" on node 2 (Build target(s)).
     1>ClCompile:
         C:\Program Files (x86)\Microsoft Visual Studio 12.0\VC\bin\CL.exe /c /ZI /nologo /W3 /WX- /sdl /Od /Oy- /D _MBCS /Gm /EHsc /RTC1 /MDd /GS /fp:precise /Zc:wchar_t /Zc:forScope /Fo"Debug\\" /Fd"Debug\vc120.pdb" /Gd /TP /analyze- /errorReport:prompt main.cpp
         main.cpp
     1>d:\славяна\documents\oop\ruja --oop\oop_project_1_si_1_2_61835\list\list.h(141): error C2365: 'List<T>::end' : redefinition; previous definition was 'member function'
                 d:\славяна\documents\oop\ruja --oop\oop_project_1_si_1_2_61835\list\list.h(123) : see declaration of 'List<T>::end'
                 d:\славяна\documents\oop\ruja --oop\oop_project_1_si_1_2_61835\list\list.h(142) : see reference to class template instantiation 'List<T>' being compiled
     1>d:\славяна\documents\oop\ruja --oop\oop_project_1_si_1_2_61835\list\list.h(141): error C2365: 'List<int>::end' : redefinition; previous definition was 'member function'
                 d:\славяна\documents\oop\ruja --oop\oop_project_1_si_1_2_61835\list\list.h(123) : see declaration of 'List<int>::end'
                 d:\славяна\documents\oop\ruja --oop\oop_project_1_si_1_2_61835\list\main.cpp(11) : see reference to class template instantiation 'List<int>' being compiled
     1>d:\славяна\documents\oop\ruja --oop\oop_project_1_si_1_2_61835\list\list.h(141): error C2365: 'List<std::string>::end' : redefinition; previous definition was 'member function'
                 d:\славяна\documents\oop\ruja --oop\oop_project_1_si_1_2_61835\list\list.h(123) : see declaration of 'List<std::string>::end'
                 d:\славяна\documents\oop\ruja --oop\oop_project_1_si_1_2_61835\list\main.cpp(34) : see reference to class template instantiation 'List<std::string>' being compiled
     1>Done Building Project "D:\Славяна\Documents\OOP\ruJA --OOP\OOP_project_1_SI_1_2_61835\List\List.vcxproj" (Build target(s)) -- FAILED.

Build FAILED.

Time Elapsed 00:00:01.59
